2024-12-09 13:31:40,046 [ERROR] app.routes.user_account.login: Login error: 'Settings' object has no attribute 'production'
Traceback (most recent call last):
  File "C:\Users\jaydh\Documents\Projects\Xero Projects\Bank_Reconciliation\app\routes\user_account\login.py", line 141, in login
    secure=settings.production,  # True in production
           ^^^^^^^^^^^^^^^^^^^
  File "C:\Users\jaydh\Documents\Projects\Xero Projects\Bank_Reconciliation\venv\Lib\site-packages\pydantic\main.py", line 856, in __getattr__
    raise AttributeError(f'{type(self).__name__!r} object has no attribute {item!r}')
AttributeError: 'Settings' object has no attribute 'production'
2024-12-09 13:47:45,755 [INFO] app.routes.user_account.login: Login attempt for email: dhej@example.com
2024-12-09 13:47:46,052 [INFO] app.routes.user_account.login: Login successful for user dhej@example.com
2024-12-09 13:47:46,065 [INFO] app.routes.user_account.login: Generated access token and refresh token for user dhej@example.com
2024-12-09 13:47:46,066 [INFO] app.routes.user_account.login: Set access token cookie for user dhej@example.com
2024-12-09 13:52:30,703 [INFO] app.routes.user_account.login: Login attempt for email: dhej@example.com
2024-12-09 13:52:30,979 [INFO] app.routes.user_account.login: Login successful for user dhej@example.com
2024-12-09 13:52:30,989 [INFO] app.routes.user_account.login: Generated access token and refresh token for user dhej@example.com
2024-12-09 13:52:30,990 [INFO] app.routes.user_account.login: Set access token cookie for user dhej@example.com
2024-12-09 14:00:57,898 [INFO] app.routes.user_account.login: Login attempt for email: dhej@example.com
2024-12-09 14:00:58,174 [INFO] app.routes.user_account.login: Login successful for user dhej@example.com
2024-12-09 14:00:58,185 [INFO] app.routes.user_account.login: Generated access token and refresh token for user dhej@example.com
2024-12-09 14:00:58,186 [INFO] app.routes.user_account.login: Set access token cookie for user dhej@example.com
2024-12-09 14:03:37,455 [INFO] app.routes.user_account.login: Login attempt for email: dhej@example.com
2024-12-09 14:03:37,658 [INFO] app.routes.user_account.login: Login successful for user dhej@example.com
2024-12-09 14:03:37,663 [INFO] app.routes.user_account.login: Generated access token and refresh token for user dhej@example.com
2024-12-09 14:03:37,663 [INFO] app.routes.user_account.login: Set access token cookie for user dhej@example.com
2024-12-09 18:35:45,368 [INFO] app.routes.user_account.login: Login attempt for email: dhej@example.com
2024-12-09 18:35:45,720 [INFO] app.routes.user_account.login: Login successful for user dhej@example.com
2024-12-09 18:35:45,734 [INFO] app.routes.user_account.login: Generated access token and refresh token for user dhej@example.com
2024-12-09 18:35:45,735 [INFO] app.routes.user_account.login: Set access token cookie for user dhej@example.com
2024-12-09 18:36:40,770 [INFO] app.routes.user_account.login: Login attempt for email: dhej@example.com
2024-12-09 18:36:41,052 [INFO] app.routes.user_account.login: Login successful for user dhej@example.com
2024-12-09 18:36:41,058 [INFO] app.routes.user_account.login: Generated access token and refresh token for user dhej@example.com
2024-12-09 18:36:41,059 [INFO] app.routes.user_account.login: Set access token cookie for user dhej@example.com
2024-12-09 18:36:45,558 [INFO] app.core.deps: Using token from Authorization header
2024-12-09 18:36:45,567 [INFO] app.core.deps: Successfully authenticated user: dhej@example.com
2024-12-09 18:36:45,567 [INFO] app.routes.user_account.login: Accessing index endpoint
2024-12-09 18:36:45,567 [INFO] app.routes.user_account.login: Authenticated user accessing index: dhej@example.com
